/usr/bin/ruby extconf.rb 
checking for ffi_call() in -lffi... yes
checking for ffi_prep_closure()... yes
checking for ffi_raw_call()... yes
checking for ffi_prep_raw_closure()... yes
checking for rb_thread_blocking_region()... yes
checking for rb_thread_call_with_gvl()... yes
checking for rb_thread_call_without_gvl()... yes
checking for ffi_prep_cif_var()... yes
creating extconf.h
creating Makefile

make "DESTDIR=" clean

make "DESTDIR="
compiling LongDouble.c
compiling Platform.c
compiling DataConverter.c
compiling Variadic.c
compiling MappedType.c
compiling MethodHandle.c
compiling Call.c
compiling ffi.c
compiling Pointer.c
compiling Buffer.c
compiling Types.c
compiling Type.c
compiling Struct.c
compiling ArrayType.c
compiling StructByValue.c
compiling StructLayout.c
compiling ClosurePool.c
compiling LastError.c
compiling Function.c
compiling MemoryPointer.c
compiling Thread.c
compiling StructByReference.c
compiling FunctionInfo.c
compiling DynamicLibrary.c
compiling AbstractMemory.c
linking shared-object ffi_c.so

make "DESTDIR=" install
/usr/bin/install -c -m 0755 ffi_c.so ./.gem.20141120-20869-1at3ftq
installing default ffi_c libraries
