/usr/bin/ruby extconf.rb 
creating Makefile

make "DESTDIR=" clean

make "DESTDIR="
compiling yajl.c
compiling yajl_version.c
compiling yajl_buf.c
compiling yajl_ext.c
yajl_ext.c: In function ‘yajl_encode_part’:
yajl_ext.c:117:21: attention : variable ‘status’ set but not used [-Wunused-but-set-variable]
     yajl_gen_status status;
                     ^
yajl_ext.c: In function ‘rb_yajl_parser_parse’:
yajl_ext.c:442:17: attention : variable ‘stat’ set but not used [-Wunused-but-set-variable]
     yajl_status stat;
                 ^
compiling yajl_lex.c
compiling yajl_parser.c
compiling yajl_encode.c
compiling yajl_gen.c
compiling yajl_alloc.c
linking shared-object yajl/yajl.so

make "DESTDIR=" install
/usr/bin/install -c -m 0755 yajl.so ./.gem.20141121-32527-1f0bhy3/yajl
installing default yajl libraries
